This file contains any messages produced by compilers while
running configure, to aid debugging if configure makes a mistake.

configure:574: checking for a BSD compatible install
configure:627: checking whether build environment is sane
configure:684: checking whether make sets ${MAKE}
configure:730: checking for working aclocal
configure:743: checking for working autoconf
configure:756: checking for working automake
configure:769: checking for working autoheader
configure:782: checking for working makeinfo
configure:893: checking host system type
configure:914: checking build system type
configure:934: checking for ranlib
configure:964: checking for gcc
configure:1077: checking whether the C compiler (gcc  ) works
configure:1093: gcc -o conftest    conftest.c  1>&5
configure:1119: checking whether the C compiler (gcc  ) is a cross-compiler
configure:1124: checking whether we are using GNU C
configure:1152: checking whether gcc accepts -g
configure:1195: checking for ld used by GCC
configure:1257: checking if the linker (/usr/bin/ld) is GNU ld
configure:1273: checking for BSD-compatible nm
configure:1309: checking whether ln -s works
ltconfig:603: checking for object suffix
ltconfig:604: gcc -c -g -O2  conftest.c 1>&5
ltconfig:776: checking if gcc PIC flag -fPIC works
ltconfig:777: gcc -c -g -O2 -fPIC -DPIC  conftest.c 1>&5
ltconfig:829: checking if gcc supports -c -o file.o
ltconfig:830: gcc -c -g -O2 -o out/conftest2.o  conftest.c 1>&5
ltconfig:862: checking if gcc supports -c -o file.lo
ltconfig:863: gcc -c -g -O2 -c -o conftest.lo  conftest.c 1>&5
ltconfig:914: checking if gcc supports -fno-rtti -fno-exceptions
ltconfig:915: gcc -c -g -O2 -fno-rtti -fno-exceptions -c conftest.c  conftest.c 1>&5
ltconfig:958: checking if gcc static flag -static works
ltconfig:959: gcc -o conftest -g -O2   -static conftest.c  1>&5
GNU ld version 2.16.1 Debian GNU/Linux
ltconfig:1653: checking if global_symbol_pipe works
ltconfig:1654: gcc -c -g -O2  conftest.c 1>&5
ltconfig:1657: eval "/usr/bin/nm -B conftest.o | sed -n -e 's/^.*[ 	]\([ABCDGISTW]\)[ 	][ 	]*\(\)\([_A-Za-z][_A-Za-z0-9]*\)$/\1 \2\3 \3/p' > conftest.nm"
ltconfig:1709: gcc -o conftest -g -O2 -fno-builtin   conftest.c conftstm.o 1>&5
configure:1494: checking whether make sets ${MAKE}
configure:1532: checking for a BSD compatible install
configure:1592: checking host system type
configure:1613: checking target system type
configure:1634: checking for gcc
configure:1747: checking whether the C compiler (gcc -g -O2 ) works
configure:1763: gcc -o conftest -g -O2   conftest.c  1>&5
configure:1789: checking whether the C compiler (gcc -g -O2 ) is a cross-compiler
configure:1794: checking whether we are using GNU C
configure:1822: checking whether gcc accepts -g
configure:1855: checking how to run the C preprocessor
configure:1935: checking for AIX
configure:2012: checking for off/include/openssl/opensslv.h
configure:2048: checking for /usr/include/openssl/opensslv.h
configure:2048: checking for /usr/local/include/openssl/opensslv.h
configure:2048: checking for /usr/local/ssl/include/openssl/opensslv.h
configure:2048: checking for /usr/pkg/include/openssl/opensslv.h
configure:2048: checking for /usr/lib/ssl/include/openssl/opensslv.h
configure:2048: checking for /usr/include/ssl/include/openssl/opensslv.h
configure:2048: checking for /usr/include/include/openssl/opensslv.h
configure:2109: checking for ANSI C header files
configure:2216: checking for stdlib.h
configure:2256: checking for unistd.h
configure:2296: checking for arpa/inet.h
configure:2336: checking for sys/socket.h
configure:2376: checking for sys/time.h
configure:2416: checking for sys/times.h
configure:2456: checking for netinet/in.h
configure:2496: checking for netinet/in_systm.h
configure:2536: checking for netdb.h
configure:2574: checking for working const
configure:2649: checking for size_t
configure:2682: checking whether time.h and sys/time.h may both be included
configure:2720: checking for socket
configure:2822: checking for gethostbyname
configure:2924: checking for strchr
configure:2924: checking for memcpy
configure:2924: checking for strstr
configure:2924: checking for strcmp
configure:2924: checking for strncmp
configure:2924: checking for strncpy
configure:2924: checking for strlen
configure:2979: checking for strncasecmp
configure:2979: checking for strcasecmp
configure:2979: checking for strncmp
configure:3033: checking for socket in -lsocket
configure:3080: checking for res_search in -lresolv
